# JRE version: Java(TM) SE Runtime Environment (8.0_191-b12) (build 1.8.0_191-b12)
# Java VM: Java HotSpot(TM) 64-Bit Server VM (25.191-b12 mixed mode windows-amd64 compressed oops)
Heap:
 PSYoungGen      total 29696K, used 2509K [0x00000000ec900000, 0x00000000f0800000, 0x0000000100000000)
  eden space 28160K, 4% used [0x00000000ec900000,0x00000000eca56c48,0x00000000ee480000)
  from space 1536K, 74% used [0x00000000efa80000,0x00000000efb9ca18,0x00000000efc00000)
  to   space 8192K, 0% used [0x00000000f0000000,0x00000000f0000000,0x00000000f0800000)
 ParOldGen       total 40960K, used 18420K [0x00000000c5a00000, 0x00000000c8200000, 0x00000000ec900000)
  object space 40960K, 44% used [0x00000000c5a00000,0x00000000c6bfd220,0x00000000c8200000)
 Metaspace       used 19584K, capacity 20018K, committed 20352K, reserved 1067008K
  class space    used 2199K, capacity 2318K, committed 2432K, reserved 1048576K
GC Heap History (10 events):
Event: 11.237 GC heap before
{Heap before GC invocations=7 (full 0):
 PSYoungGen      total 35840K, used 35005K [0x00000000ec900000, 0x00000000ef300000, 0x0000000100000000)
  eden space 30208K, 100% used [0x00000000ec900000,0x00000000ee680000,0x00000000ee680000)
  from space 5632K, 85% used [0x00000000eec80000,0x00000000ef12f508,0x00000000ef200000)
  to   space 6144K, 0% used [0x00000000ee680000,0x00000000ee680000,0x00000000eec80000)
 ParOldGen       total 40960K, used 7226K [0x00000000c5a00000, 0x00000000c8200000, 0x00000000ec900000)
  object space 40960K, 17% used [0x00000000c5a00000,0x00000000c610e838,0x00000000c8200000)
 Metaspace       used 15564K, capacity 15790K, committed 16128K, reserved 1062912K
  class space    used 1848K, capacity 1941K, committed 2048K, reserved 1048576K
Event: 11.262 GC heap after
Heap after GC invocations=7 (full 0):
 PSYoungGen      total 36352K, used 4880K [0x00000000ec900000, 0x00000000f1000000, 0x0000000100000000)
  eden space 30208K, 0% used [0x00000000ec900000,0x00000000ec900000,0x00000000ee680000)
  from space 6144K, 79% used [0x00000000ee680000,0x00000000eeb44030,0x00000000eec80000)
  to   space 6144K, 0% used [0x00000000f0a00000,0x00000000f0a00000,0x00000000f1000000)
 ParOldGen       total 40960K, used 8218K [0x00000000c5a00000, 0x00000000c8200000, 0x00000000ec900000)
  object space 40960K, 20% used [0x00000000c5a00000,0x00000000c62068c8,0x00000000c8200000)
 Metaspace       used 15564K, capacity 15790K, committed 16128K, reserved 1062912K
  class space    used 1848K, capacity 1941K, committed 2048K, reserved 1048576K
}
Event: 16.616 GC heap before
{Heap before GC invocations=8 (full 0):
 PSYoungGen      total 36352K, used 35088K [0x00000000ec900000, 0x00000000f1000000, 0x0000000100000000)
  eden space 30208K, 100% used [0x00000000ec900000,0x00000000ee680000,0x00000000ee680000)
  from space 6144K, 79% used [0x00000000ee680000,0x00000000eeb44030,0x00000000eec80000)
  to   space 6144K, 0% used [0x00000000f0a00000,0x00000000f0a00000,0x00000000f1000000)
 ParOldGen       total 40960K, used 8218K [0x00000000c5a00000, 0x00000000c8200000, 0x00000000ec900000)
  object space 40960K, 20% used [0x00000000c5a00000,0x00000000c62068c8,0x00000000c8200000)
 Metaspace       used 16422K, capacity 16812K, committed 16896K, reserved 1064960K
  class space    used 1935K, capacity 2046K, committed 2048K, reserved 1048576K
Event: 16.639 GC heap after
Heap after GC invocations=8 (full 0):
 PSYoungGen      total 35840K, used 6131K [0x00000000ec900000, 0x00000000f1000000, 0x0000000100000000)
  eden space 29696K, 0% used [0x00000000ec900000,0x00000000ec900000,0x00000000ee600000)
  from space 6144K, 99% used [0x00000000f0a00000,0x00000000f0ffcf60,0x00000000f1000000)
  to   space 7168K, 0% used [0x00000000f0200000,0x00000000f0200000,0x00000000f0900000)
 ParOldGen       total 40960K, used 9143K [0x00000000c5a00000, 0x00000000c8200000, 0x00000000ec900000)
  object space 40960K, 22% used [0x00000000c5a00000,0x00000000c62ede78,0x00000000c8200000)
 Metaspace       used 16422K, capacity 16812K, committed 16896K, reserved 1064960K
  class space    used 1935K, capacity 2046K, committed 2048K, reserved 1048576K
}
Event: 18.844 GC heap before
{Heap before GC invocations=9 (full 0):
 PSYoungGen      total 35840K, used 35827K [0x00000000ec900000, 0x00000000f1000000, 0x0000000100000000)
  eden space 29696K, 100% used [0x00000000ec900000,0x00000000ee600000,0x00000000ee600000)
  from space 6144K, 99% used [0x00000000f0a00000,0x00000000f0ffcf60,0x00000000f1000000)
  to   space 7168K, 0% used [0x00000000f0200000,0x00000000f0200000,0x00000000f0900000)
 ParOldGen       total 40960K, used 9143K [0x00000000c5a00000, 0x00000000c8200000, 0x00000000ec900000)
  object space 40960K, 22% used [0x00000000c5a00000,0x00000000c62ede78,0x00000000c8200000)
 Metaspace       used 17088K, capacity 17518K, committed 17792K, reserved 1064960K
  class space    used 1971K, capacity 2089K, committed 2176K, reserved 1048576K
Event: 18.854 GC heap after
Heap after GC invocations=9 (full 0):
 PSYoungGen      total 34816K, used 5216K [0x00000000ec900000, 0x00000000f0a80000, 0x0000000100000000)
  eden space 29184K, 0% used [0x00000000ec900000,0x00000000ec900000,0x00000000ee580000)
  from space 5632K, 92% used [0x00000000f0200000,0x00000000f07180b8,0x00000000f0780000)
  to   space 3072K, 0% used [0x00000000f0780000,0x00000000f0780000,0x00000000f0a80000)
 ParOldGen       total 40960K, used 11191K [0x00000000c5a00000, 0x00000000c8200000, 0x00000000ec900000)
  object space 40960K, 27% used [0x00000000c5a00000,0x00000000c64edea8,0x00000000c8200000)
 Metaspace       used 17088K, capacity 17518K, committed 17792K, reserved 1064960K
  class space    used 1971K, capacity 2089K, committed 2176K, reserved 1048576K
}
Event: 22.109 GC heap before
{Heap before GC invocations=10 (full 0):
 PSYoungGen      total 34816K, used 34400K [0x00000000ec900000, 0x00000000f0a80000, 0x0000000100000000)
  eden space 29184K, 100% used [0x00000000ec900000,0x00000000ee580000,0x00000000ee580000)
  from space 5632K, 92% used [0x00000000f0200000,0x00000000f07180b8,0x00000000f0780000)
  to   space 3072K, 0% used [0x00000000f0780000,0x00000000f0780000,0x00000000f0a80000)
 ParOldGen       total 40960K, used 11191K [0x00000000c5a00000, 0x00000000c8200000, 0x00000000ec900000)
  object space 40960K, 27% used [0x00000000c5a00000,0x00000000c64edea8,0x00000000c8200000)
 Metaspace       used 18474K, capacity 18962K, committed 19200K, reserved 1067008K
  class space    used 2095K, capacity 2222K, committed 2304K, reserved 1048576K
Event: 22.122 GC heap after
Heap after GC invocations=10 (full 0):
 PSYoungGen      total 31744K, used 3072K [0x00000000ec900000, 0x00000000f0a80000, 0x0000000100000000)
  eden space 28672K, 0% used [0x00000000ec900000,0x00000000ec900000,0x00000000ee500000)
  from space 3072K, 100% used [0x00000000f0780000,0x00000000f0a80000,0x00000000f0a80000)
  to   space 8192K, 0% used [0x00000000efa80000,0x00000000efa80000,0x00000000f0280000)
 ParOldGen       total 40960K, used 15636K [0x00000000c5a00000, 0x00000000c8200000, 0x00000000ec900000)
  object space 40960K, 38% used [0x00000000c5a00000,0x00000000c6945220,0x00000000c8200000)
 Metaspace       used 18474K, capacity 18962K, committed 19200K, reserved 1067008K
  class space    used 2095K, capacity 2222K, committed 2304K, reserved 1048576K
}
Event: 78.781 GC heap before
{Heap before GC invocations=11 (full 0):
 PSYoungGen      total 31744K, used 31744K [0x00000000ec900000, 0x00000000f0a80000, 0x0000000100000000)
  eden space 28672K, 100% used [0x00000000ec900000,0x00000000ee500000,0x00000000ee500000)
  from space 3072K, 100% used [0x00000000f0780000,0x00000000f0a80000,0x00000000f0a80000)
  to   space 8192K, 0% used [0x00000000efa80000,0x00000000efa80000,0x00000000f0280000)
 ParOldGen       total 40960K, used 15636K [0x00000000c5a00000, 0x00000000c8200000, 0x00000000ec900000)
  object space 40960K, 38% used [0x00000000c5a00000,0x00000000c6945220,0x00000000c8200000)
 Metaspace       used 19584K, capacity 20018K, committed 20352K, reserved 1067008K
  class space    used 2199K, capacity 2318K, committed 2432K, reserved 1048576K
Event: 78.815 GC heap after
Heap after GC invocations=11 (full 0):
 PSYoungGen      total 29696K, used 1138K [0x00000000ec900000, 0x00000000f0800000, 0x0000000100000000)
  eden space 28160K, 0% used [0x00000000ec900000,0x00000000ec900000,0x00000000ee480000)
  from space 1536K, 74% used [0x00000000efa80000,0x00000000efb9ca18,0x00000000efc00000)
  to   space 8192K, 0% used [0x00000000f0000000,0x00000000f0000000,0x00000000f0800000)
 ParOldGen       total 40960K, used 18420K [0x00000000c5a00000, 0x00000000c8200000, 0x00000000ec900000)
  object space 40960K, 44% used [0x00000000c5a00000,0x00000000c6bfd220,0x00000000c8200000)
 Metaspace       used 19584K, capacity 20018K, committed 20352K, reserved 1067008K
  class space    used 2199K, capacity 2318K, committed 2432K, reserved 1048576K
}

